<?xml version="1.0" encoding="UTF-8" ?>
<testsuite failures="0" time="4.899" errors="0" skipped="0" tests="10" name="fab.formatic.test.PersistenceUnitTest">
  <properties>
[...]
</properties>
  <testcase time="4.597" classname="fab.formatic.test.PersistenceUnitTest" name="testPersistCustomer"/>
  <testcase time="0.009" classname="fab.formatic.test.PersistenceUnitTest" name="testPersistCustomerAgain"/>
  <testcase time="0.003" classname="fab.formatic.test.PersistenceUnitTest" name="testPersistService"/>
  <testcase time="0.006" classname="fab.formatic.test.PersistenceUnitTest" name="testServiceQuery"/>
  <testcase time="0.004" classname="fab.formatic.test.PersistenceUnitTest" name="testPersistPackage"/>
  <testcase time="0.015" classname="fab.formatic.test.PersistenceUnitTest" name="testPersistModule"/>
  <testcase time="0.011" classname="fab.formatic.test.PersistenceUnitTest" name="testPersistStandAloneModule"/>
  <testcase time="0.09" classname="fab.formatic.test.PersistenceUnitTest" name="testPersistOrder"/>
  <testcase time="0.011" classname="fab.formatic.test.PersistenceUnitTest" name="testTrackOrder"/>
  <testcase time="0.042" classname="fab.formatic.test.PersistenceUnitTest" name="testPersistTariff"/>
</testsuite>